<?xml version="1.0" encoding="UTF-8"?>
<testsuite name="org.springframework.samples.petclinic.vet.VetControllerTest" tests="3" skipped="0" failures="0" errors="0" timestamp="2023-11-23T13:16:25" hostname="Alperens-MacBook-Pro.local" time="0.25">
  <properties/>
  <testcase name="testShowVetListXml()" classname="org.springframework.samples.petclinic.vet.VetControllerTest" time="0.086"/>
  <testcase name="testShowVetListHtml()" classname="org.springframework.samples.petclinic.vet.VetControllerTest" time="0.016"/>
  <testcase name="testShowResourcesVetList()" classname="org.springframework.samples.petclinic.vet.VetControllerTest" time="0.147"/>
  <system-out><![CDATA[2023-11-23T16:16:24.935+03:00  INFO 4756 --- [    Test worker] t.c.s.AnnotationConfigContextLoaderUtils : Could not detect default configuration classes for test class [org.springframework.samples.petclinic.vet.VetControllerTest]: VetControllerTest does not declare any static, non-private, non-final, nested classes annotated with @Configuration.
2023-11-23T16:16:24.941+03:00  INFO 4756 --- [    Test worker] .b.t.c.SpringBootTestContextBootstrapper : Found @SpringBootConfiguration org.springframework.samples.petclinic.PetClinicApplication for test class org.springframework.samples.petclinic.vet.VetControllerTest


              |\      _,,,--,,_
             /,`.-'`'   ._  \-;;,_
  _______ __|,4-  ) )_   .;.(__`'-'__     ___ __    _ ___ _______
 |       | '---''(_/._)-'(_\_)   |   |   |   |  |  | |   |       |
 |    _  |    ___|_     _|       |   |   |   |   |_| |   |       | __ _ _
 |   |_| |   |___  |   | |       |   |   |   |       |   |       | \ \ \ \
 |    ___|    ___| |   | |      _|   |___|   |  _    |   |      _|  \ \ \ \
 |   |   |   |___  |   | |     |_|       |   | | |   |   |     |_    ) ) ) )
 |___|   |_______| |___| |_______|_______|___|_|  |__|___|_______|  / / / /
 ==================================================================/_/_/_/

:: Built with Spring Boot :: 3.1.3


2023-11-23T16:16:24.949+03:00  INFO 4756 --- [    Test worker] o.s.s.petclinic.vet.VetControllerTest    : Starting VetControllerTest using Java 21.0.1 with PID 4756 (started by alperenorsdemir in /Users/alperenorsdemir/Desktop/Support/Activities-on-Cases/SBOM_Plugins_Perform/kotlin-petclinic-PLUGINS)
2023-11-23T16:16:24.949+03:00  INFO 4756 --- [    Test worker] o.s.s.petclinic.vet.VetControllerTest    : No active profile set, falling back to 1 default profile: "default"
2023-11-23T16:16:25.042+03:00  INFO 4756 --- [    Test worker] o.s.b.t.m.w.SpringBootMockServletContext : Initializing Spring TestDispatcherServlet ''
2023-11-23T16:16:25.042+03:00  INFO 4756 --- [    Test worker] o.s.t.web.servlet.TestDispatcherServlet  : Initializing Servlet ''
2023-11-23T16:16:25.043+03:00  INFO 4756 --- [    Test worker] o.s.t.web.servlet.TestDispatcherServlet  : Completed initialization in 1 ms
2023-11-23T16:16:25.044+03:00  INFO 4756 --- [    Test worker] o.s.s.petclinic.vet.VetControllerTest    : Started VetControllerTest in 0.102 seconds (process running for 4.392)
]]></system-out>
  <system-err><![CDATA[]]></system-err>
</testsuite>
