<?xml version="1.0" encoding="UTF-8"?>
<testsuite name="org.springframework.samples.petclinic.visit.VisitRepositoryTest" tests="2" skipped="0" failures="0" errors="0" timestamp="2023-11-23T13:16:25" hostname="Alperens-MacBook-Pro.local" time="0.01">
  <properties/>
  <testcase name="shouldAddNewVisitForPet()" classname="org.springframework.samples.petclinic.visit.VisitRepositoryTest" time="0.005"/>
  <testcase name="shouldFindVisitsByPetId()" classname="org.springframework.samples.petclinic.visit.VisitRepositoryTest" time="0.005"/>
  <system-out><![CDATA[2023-11-23T16:16:25.315+03:00  INFO 4756 --- [    Test worker] t.c.s.AnnotationConfigContextLoaderUtils : Could not detect default configuration classes for test class [org.springframework.samples.petclinic.visit.VisitRepositoryTest]: VisitRepositoryTest does not declare any static, non-private, non-final, nested classes annotated with @Configuration.
2023-11-23T16:16:25.319+03:00  INFO 4756 --- [    Test worker] .b.t.c.SpringBootTestContextBootstrapper : Found @SpringBootConfiguration org.springframework.samples.petclinic.PetClinicApplication for test class org.springframework.samples.petclinic.visit.VisitRepositoryTest
Hibernate: select p1_0.id,p1_0.birth_date,p1_0.name,o1_0.id,o1_0.address,o1_0.city,o1_0.first_name,o1_0.last_name,o1_0.telephone,t1_0.id,t1_0.name from pets p1_0 left join owners o1_0 on o1_0.id=p1_0.owner_id left join types t1_0 on t1_0.id=p1_0.type_id where p1_0.id=?
Hibernate: insert into visits (visit_date,description,pet_id,id) values (?,?,?,default)
Hibernate: select v1_0.id,v1_0.visit_date,v1_0.description,v1_0.pet_id from visits v1_0 where v1_0.pet_id=?
]]></system-out>
  <system-err><![CDATA[]]></system-err>
</testsuite>
