<?xml version="1.0" encoding="UTF-8"?>
<testsuite name="org.springframework.samples.petclinic.system.CrashControllerTest" tests="1" skipped="0" failures="0" errors="0" timestamp="2023-11-23T13:16:24" hostname="Alperens-MacBook-Pro.local" time="0.022">
  <properties/>
  <testcase name="testTriggerException()" classname="org.springframework.samples.petclinic.system.CrashControllerTest" time="0.022"/>
  <system-out><![CDATA[2023-11-23T16:16:24.821+03:00  INFO 4756 --- [    Test worker] t.c.s.AnnotationConfigContextLoaderUtils : Could not detect default configuration classes for test class [org.springframework.samples.petclinic.system.CrashControllerTest]: CrashControllerTest does not declare any static, non-private, non-final, nested classes annotated with @Configuration.
2023-11-23T16:16:24.826+03:00  INFO 4756 --- [    Test worker] .b.t.c.SpringBootTestContextBootstrapper : Found @SpringBootConfiguration org.springframework.samples.petclinic.PetClinicApplication for test class org.springframework.samples.petclinic.system.CrashControllerTest


              |\      _,,,--,,_
             /,`.-'`'   ._  \-;;,_
  _______ __|,4-  ) )_   .;.(__`'-'__     ___ __    _ ___ _______
 |       | '---''(_/._)-'(_\_)   |   |   |   |  |  | |   |       |
 |    _  |    ___|_     _|       |   |   |   |   |_| |   |       | __ _ _
 |   |_| |   |___  |   | |       |   |   |   |       |   |       | \ \ \ \
 |    ___|    ___| |   | |      _|   |___|   |  _    |   |      _|  \ \ \ \
 |   |   |   |___  |   | |     |_|       |   | | |   |   |     |_    ) ) ) )
 |___|   |_______| |___| |_______|_______|___|_|  |__|___|_______|  / / / /
 ==================================================================/_/_/_/

:: Built with Spring Boot :: 3.1.3


2023-11-23T16:16:24.835+03:00  INFO 4756 --- [    Test worker] o.s.s.p.system.CrashControllerTest       : Starting CrashControllerTest using Java 21.0.1 with PID 4756 (started by alperenorsdemir in /Users/alperenorsdemir/Desktop/Support/Activities-on-Cases/SBOM_Plugins_Perform/kotlin-petclinic-PLUGINS)
2023-11-23T16:16:24.835+03:00  INFO 4756 --- [    Test worker] o.s.s.p.system.CrashControllerTest       : The following 1 profile is active: "test"
2023-11-23T16:16:24.909+03:00  INFO 4756 --- [    Test worker] o.s.b.t.m.w.SpringBootMockServletContext : Initializing Spring TestDispatcherServlet ''
2023-11-23T16:16:24.909+03:00  INFO 4756 --- [    Test worker] o.s.t.web.servlet.TestDispatcherServlet  : Initializing Servlet ''
2023-11-23T16:16:24.909+03:00  INFO 4756 --- [    Test worker] o.s.t.web.servlet.TestDispatcherServlet  : Completed initialization in 0 ms
2023-11-23T16:16:24.911+03:00  INFO 4756 --- [    Test worker] o.s.s.p.system.CrashControllerTest       : Started CrashControllerTest in 0.083 seconds (process running for 4.259)
]]></system-out>
  <system-err><![CDATA[]]></system-err>
</testsuite>
