<?xml version="1.0" encoding="UTF-8"?>
<testsuite name="org.springframework.samples.petclinic.owner.OwnerControllerTest" tests="11" skipped="0" failures="0" errors="0" timestamp="2023-11-23T13:16:23" hostname="Alperens-MacBook-Pro.local" time="0.362">
  <properties/>
  <testcase name="testProcessUpdateOwnerFormHasErrors()" classname="org.springframework.samples.petclinic.owner.OwnerControllerTest" time="0.274"/>
  <testcase name="testProcessCreationFormSuccess()" classname="org.springframework.samples.petclinic.owner.OwnerControllerTest" time="0.005"/>
  <testcase name="testInitFindForm()" classname="org.springframework.samples.petclinic.owner.OwnerControllerTest" time="0.009"/>
  <testcase name="testShowOwner()" classname="org.springframework.samples.petclinic.owner.OwnerControllerTest" time="0.029"/>
  <testcase name="testInitUpdateOwnerForm()" classname="org.springframework.samples.petclinic.owner.OwnerControllerTest" time="0.007"/>
  <testcase name="testInitCreationForm()" classname="org.springframework.samples.petclinic.owner.OwnerControllerTest" time="0.006"/>
  <testcase name="testProcessFindFormByLastName()" classname="org.springframework.samples.petclinic.owner.OwnerControllerTest" time="0.002"/>
  <testcase name="testProcessFindFormNoOwnersFound()" classname="org.springframework.samples.petclinic.owner.OwnerControllerTest" time="0.004"/>
  <testcase name="testProcessFindFormSuccess()" classname="org.springframework.samples.petclinic.owner.OwnerControllerTest" time="0.007"/>
  <testcase name="testProcessUpdateOwnerFormSuccess()" classname="org.springframework.samples.petclinic.owner.OwnerControllerTest" time="0.002"/>
  <testcase name="testProcessCreationFormHasErrors()" classname="org.springframework.samples.petclinic.owner.OwnerControllerTest" time="0.006"/>
  <system-out><![CDATA[2023-11-23T16:16:23.412+03:00  INFO 4756 --- [    Test worker] t.c.s.AnnotationConfigContextLoaderUtils : Could not detect default configuration classes for test class [org.springframework.samples.petclinic.owner.OwnerControllerTest]: OwnerControllerTest does not declare any static, non-private, non-final, nested classes annotated with @Configuration.
2023-11-23T16:16:23.426+03:00  INFO 4756 --- [    Test worker] .b.t.c.SpringBootTestContextBootstrapper : Found @SpringBootConfiguration org.springframework.samples.petclinic.PetClinicApplication for test class org.springframework.samples.petclinic.owner.OwnerControllerTest


              |\      _,,,--,,_
             /,`.-'`'   ._  \-;;,_
  _______ __|,4-  ) )_   .;.(__`'-'__     ___ __    _ ___ _______
 |       | '---''(_/._)-'(_\_)   |   |   |   |  |  | |   |       |
 |    _  |    ___|_     _|       |   |   |   |   |_| |   |       | __ _ _
 |   |_| |   |___  |   | |       |   |   |   |       |   |       | \ \ \ \
 |    ___|    ___| |   | |      _|   |___|   |  _    |   |      _|  \ \ \ \
 |   |   |   |___  |   | |     |_|       |   | | |   |   |     |_    ) ) ) )
 |___|   |_______| |___| |_______|_______|___|_|  |__|___|_______|  / / / /
 ==================================================================/_/_/_/

:: Built with Spring Boot :: 3.1.3


2023-11-23T16:16:23.436+03:00  INFO 4756 --- [    Test worker] o.s.s.p.owner.OwnerControllerTest        : Starting OwnerControllerTest using Java 21.0.1 with PID 4756 (started by alperenorsdemir in /Users/alperenorsdemir/Desktop/Support/Activities-on-Cases/SBOM_Plugins_Perform/kotlin-petclinic-PLUGINS)
2023-11-23T16:16:23.437+03:00  INFO 4756 --- [    Test worker] o.s.s.p.owner.OwnerControllerTest        : No active profile set, falling back to 1 default profile: "default"
2023-11-23T16:16:23.704+03:00  INFO 4756 --- [    Test worker] o.s.b.t.m.w.SpringBootMockServletContext : Initializing Spring TestDispatcherServlet ''
2023-11-23T16:16:23.704+03:00  INFO 4756 --- [    Test worker] o.s.t.web.servlet.TestDispatcherServlet  : Initializing Servlet ''
2023-11-23T16:16:23.704+03:00  INFO 4756 --- [    Test worker] o.s.t.web.servlet.TestDispatcherServlet  : Completed initialization in 0 ms
2023-11-23T16:16:23.757+03:00  INFO 4756 --- [    Test worker] o.s.s.p.owner.OwnerControllerTest        : Started OwnerControllerTest in 0.329 seconds (process running for 3.105)
]]></system-out>
  <system-err><![CDATA[]]></system-err>
</testsuite>
