<?xml version="1.0" encoding="UTF-8"?>
<testsuite name="org.springframework.samples.petclinic.owner.OwnerRepositoryTest" tests="4" skipped="0" failures="0" errors="0" timestamp="2023-11-23T13:16:24" hostname="Alperens-MacBook-Pro.local" time="0.063">
  <properties/>
  <testcase name="shouldFindOwnersByLastName()" classname="org.springframework.samples.petclinic.owner.OwnerRepositoryTest" time="0.028"/>
  <testcase name="shouldUpdateOwner()" classname="org.springframework.samples.petclinic.owner.OwnerRepositoryTest" time="0.02"/>
  <testcase name="shouldInsertOwner()" classname="org.springframework.samples.petclinic.owner.OwnerRepositoryTest" time="0.009"/>
  <testcase name="shouldFindSingleOwnerWithPet()" classname="org.springframework.samples.petclinic.owner.OwnerRepositoryTest" time="0.003"/>
  <system-out><![CDATA[2023-11-23T16:16:24.128+03:00  INFO 4756 --- [    Test worker] t.c.s.AnnotationConfigContextLoaderUtils : Could not detect default configuration classes for test class [org.springframework.samples.petclinic.owner.OwnerRepositoryTest]: OwnerRepositoryTest does not declare any static, non-private, non-final, nested classes annotated with @Configuration.
2023-11-23T16:16:24.133+03:00  INFO 4756 --- [    Test worker] .b.t.c.SpringBootTestContextBootstrapper : Found @SpringBootConfiguration org.springframework.samples.petclinic.PetClinicApplication for test class org.springframework.samples.petclinic.owner.OwnerRepositoryTest


              |\      _,,,--,,_
             /,`.-'`'   ._  \-;;,_
  _______ __|,4-  ) )_   .;.(__`'-'__     ___ __    _ ___ _______
 |       | '---''(_/._)-'(_\_)   |   |   |   |  |  | |   |       |
 |    _  |    ___|_     _|       |   |   |   |   |_| |   |       | __ _ _
 |   |_| |   |___  |   | |       |   |   |   |       |   |       | \ \ \ \
 |    ___|    ___| |   | |      _|   |___|   |  _    |   |      _|  \ \ \ \
 |   |   |   |___  |   | |     |_|       |   | | |   |   |     |_    ) ) ) )
 |___|   |_______| |___| |_______|_______|___|_|  |__|___|_______|  / / / /
 ==================================================================/_/_/_/

:: Built with Spring Boot :: 3.1.3


2023-11-23T16:16:24.147+03:00  INFO 4756 --- [    Test worker] o.s.s.p.owner.OwnerRepositoryTest        : Starting OwnerRepositoryTest using Java 21.0.1 with PID 4756 (started by alperenorsdemir in /Users/alperenorsdemir/Desktop/Support/Activities-on-Cases/SBOM_Plugins_Perform/kotlin-petclinic-PLUGINS)
2023-11-23T16:16:24.147+03:00  INFO 4756 --- [    Test worker] o.s.s.p.owner.OwnerRepositoryTest        : No active profile set, falling back to 1 default profile: "default"
2023-11-23T16:16:24.205+03:00  INFO 4756 --- [    Test worker] .s.d.r.c.RepositoryConfigurationDelegate : Bootstrapping Spring Data JPA repositories in DEFAULT mode.
2023-11-23T16:16:24.213+03:00  INFO 4756 --- [    Test worker] .s.d.r.c.RepositoryConfigurationDelegate : Finished Spring Data repository scanning in 7 ms. Found 4 JPA repository interfaces.
2023-11-23T16:16:24.222+03:00  INFO 4756 --- [    Test worker] beddedDataSourceBeanFactoryPostProcessor : Replacing 'dataSource' DataSource bean with embedded version
2023-11-23T16:16:24.239+03:00  INFO 4756 --- [    Test worker] o.s.j.d.e.EmbeddedDatabaseFactory        : Starting embedded database: url='jdbc:h2:mem:c25427a7-e2c0-4a83-a3ad-155bf3c25004;DB_CLOSE_DELAY=-1;DB_CLOSE_ON_EXIT=false', username='sa'
2023-11-23T16:16:24.292+03:00  INFO 4756 --- [    Test worker] o.hibernate.jpa.internal.util.LogHelper  : HHH000204: Processing PersistenceUnitInfo [name: default]
2023-11-23T16:16:24.295+03:00  INFO 4756 --- [    Test worker] o.h.b.i.BytecodeProviderInitiator        : HHH000021: Bytecode provider name : bytebuddy
2023-11-23T16:16:24.295+03:00  INFO 4756 --- [    Test worker] o.s.o.j.p.SpringPersistenceUnitInfo      : No LoadTimeWeaver setup: ignoring JPA class transformer
2023-11-23T16:16:24.307+03:00  INFO 4756 --- [    Test worker] o.h.b.i.BytecodeProviderInitiator        : HHH000021: Bytecode provider name : bytebuddy
2023-11-23T16:16:24.333+03:00  INFO 4756 --- [    Test worker] o.h.e.t.j.p.i.JtaPlatformInitiator       : HHH000490: Using JtaPlatform implementation: [org.hibernate.engine.transaction.jta.platform.internal.NoJtaPlatform]
2023-11-23T16:16:24.334+03:00  INFO 4756 --- [    Test worker] j.LocalContainerEntityManagerFactoryBean : Initialized JPA EntityManagerFactory for persistence unit 'default'
2023-11-23T16:16:24.369+03:00  INFO 4756 --- [    Test worker] o.s.s.p.owner.OwnerRepositoryTest        : Started OwnerRepositoryTest in 0.234 seconds (process running for 3.717)
Hibernate: select distinct o1_0.id,o1_0.address,o1_0.city,o1_0.first_name,o1_0.last_name,p1_0.owner_id,p1_0.id,p1_0.birth_date,p1_0.name,p1_0.type_id,o1_0.telephone from owners o1_0 left join pets p1_0 on o1_0.id=p1_0.owner_id where o1_0.last_name like ? escape ''
Hibernate: select p1_0.id,p1_0.name from types p1_0 where p1_0.id=?
Hibernate: select p1_0.id,p1_0.name from types p1_0 where p1_0.id=?
Hibernate: select distinct o1_0.id,o1_0.address,o1_0.city,o1_0.first_name,o1_0.last_name,p1_0.owner_id,p1_0.id,p1_0.birth_date,p1_0.name,p1_0.type_id,o1_0.telephone from owners o1_0 left join pets p1_0 on o1_0.id=p1_0.owner_id where o1_0.last_name like ? escape ''
Hibernate: select o1_0.id,o1_0.address,o1_0.city,o1_0.first_name,o1_0.last_name,p1_0.owner_id,p1_0.id,p1_0.birth_date,p1_0.name,p1_0.type_id,o1_0.telephone from owners o1_0 left join pets p1_0 on o1_0.id=p1_0.owner_id where o1_0.id=?
Hibernate: select p1_0.id,p1_0.name from types p1_0 where p1_0.id=?
Hibernate: update owners set address=?,city=?,first_name=?,last_name=?,telephone=? where id=?
Hibernate: select o1_0.id,o1_0.address,o1_0.city,o1_0.first_name,o1_0.last_name,p1_0.owner_id,p1_0.id,p1_0.birth_date,p1_0.name,p1_0.type_id,o1_0.telephone from owners o1_0 left join pets p1_0 on o1_0.id=p1_0.owner_id where o1_0.id=?
Hibernate: select distinct o1_0.id,o1_0.address,o1_0.city,o1_0.first_name,o1_0.last_name,p1_0.owner_id,p1_0.id,p1_0.birth_date,p1_0.name,p1_0.type_id,o1_0.telephone from owners o1_0 left join pets p1_0 on o1_0.id=p1_0.owner_id where o1_0.last_name like ? escape ''
Hibernate: insert into owners (address,city,first_name,last_name,telephone,id) values (?,?,?,?,?,default)
Hibernate: select distinct o1_0.id,o1_0.address,o1_0.city,o1_0.first_name,o1_0.last_name,p1_0.owner_id,p1_0.id,p1_0.birth_date,p1_0.name,p1_0.type_id,o1_0.telephone from owners o1_0 left join pets p1_0 on o1_0.id=p1_0.owner_id where o1_0.last_name like ? escape ''
Hibernate: select o1_0.id,o1_0.address,o1_0.city,o1_0.first_name,o1_0.last_name,p1_0.owner_id,p1_0.id,p1_0.birth_date,p1_0.name,p1_0.type_id,o1_0.telephone from owners o1_0 left join pets p1_0 on o1_0.id=p1_0.owner_id where o1_0.id=?
Hibernate: select p1_0.id,p1_0.name from types p1_0 where p1_0.id=?
]]></system-out>
  <system-err><![CDATA[]]></system-err>
</testsuite>
