<?xml version="1.0" encoding="UTF-8"?>
<testsuite name="org.springframework.samples.petclinic.owner.VisitControllerTest" tests="3" skipped="0" failures="0" errors="0" timestamp="2023-11-23T13:16:24" hostname="Alperens-MacBook-Pro.local" time="0.053">
  <properties/>
  <testcase name="testProcessNewVisitFormHasErrors()" classname="org.springframework.samples.petclinic.owner.VisitControllerTest" time="0.046"/>
  <testcase name="testProcessNewVisitFormSuccess()" classname="org.springframework.samples.petclinic.owner.VisitControllerTest" time="0.002"/>
  <testcase name="testInitNewVisitForm()" classname="org.springframework.samples.petclinic.owner.VisitControllerTest" time="0.004"/>
  <system-out><![CDATA[2023-11-23T16:16:24.677+03:00  INFO 4756 --- [    Test worker] t.c.s.AnnotationConfigContextLoaderUtils : Could not detect default configuration classes for test class [org.springframework.samples.petclinic.owner.VisitControllerTest]: VisitControllerTest does not declare any static, non-private, non-final, nested classes annotated with @Configuration.
2023-11-23T16:16:24.680+03:00  INFO 4756 --- [    Test worker] .b.t.c.SpringBootTestContextBootstrapper : Found @SpringBootConfiguration org.springframework.samples.petclinic.PetClinicApplication for test class org.springframework.samples.petclinic.owner.VisitControllerTest


              |\      _,,,--,,_
             /,`.-'`'   ._  \-;;,_
  _______ __|,4-  ) )_   .;.(__`'-'__     ___ __    _ ___ _______
 |       | '---''(_/._)-'(_\_)   |   |   |   |  |  | |   |       |
 |    _  |    ___|_     _|       |   |   |   |   |_| |   |       | __ _ _
 |   |_| |   |___  |   | |       |   |   |   |       |   |       | \ \ \ \
 |    ___|    ___| |   | |      _|   |___|   |  _    |   |      _|  \ \ \ \
 |   |   |   |___  |   | |     |_|       |   | | |   |   |     |_    ) ) ) )
 |___|   |_______| |___| |_______|_______|___|_|  |__|___|_______|  / / / /
 ==================================================================/_/_/_/

:: Built with Spring Boot :: 3.1.3


2023-11-23T16:16:24.688+03:00  INFO 4756 --- [    Test worker] o.s.s.p.owner.VisitControllerTest        : Starting VisitControllerTest using Java 21.0.1 with PID 4756 (started by alperenorsdemir in /Users/alperenorsdemir/Desktop/Support/Activities-on-Cases/SBOM_Plugins_Perform/kotlin-petclinic-PLUGINS)
2023-11-23T16:16:24.688+03:00  INFO 4756 --- [    Test worker] o.s.s.p.owner.VisitControllerTest        : No active profile set, falling back to 1 default profile: "default"
2023-11-23T16:16:24.763+03:00  INFO 4756 --- [    Test worker] o.s.b.t.m.w.SpringBootMockServletContext : Initializing Spring TestDispatcherServlet ''
2023-11-23T16:16:24.763+03:00  INFO 4756 --- [    Test worker] o.s.t.web.servlet.TestDispatcherServlet  : Initializing Servlet ''
2023-11-23T16:16:24.764+03:00  INFO 4756 --- [    Test worker] o.s.t.web.servlet.TestDispatcherServlet  : Completed initialization in 0 ms
2023-11-23T16:16:24.765+03:00  INFO 4756 --- [    Test worker] o.s.s.p.owner.VisitControllerTest        : Started VisitControllerTest in 0.084 seconds (process running for 4.113)
]]></system-out>
  <system-err><![CDATA[]]></system-err>
</testsuite>
